<?xml version="1.0" encoding="UTF-8"?>
<!-- Generated by org.testng.reporters.JUnitReportReporter -->
<testsuite hostname="QSP" failures="0" tests="1" name="testNg.Testcase1" time="16.947" errors="0" timestamp="2021-05-31T17:59:11 IST" skipped="0">
  <testcase classname="testNg.Testcase1" name="login" time="16.947"/>
</testsuite> <!-- testNg.Testcase1 -->
