<?xml version="1.0" encoding="UTF-8"?>
<!-- Generated by org.testng.reporters.JUnitReportReporter -->
<testsuite hostname="QSP" failures="0" tests="5" name="testNg.Test1" time="0.042" errors="0" timestamp="2021-05-31T17:04:46 IST" skipped="1">
  <testcase classname="testNg.Test1" name="calls" time="0.033"/>
  <testcase classname="testNg.Test1" name="chats" time="0.004"/>
  <testcase classname="testNg.Test1" name="chats" time="0.003"/>
  <testcase classname="testNg.Test1" name="chats" time="0.002"/>
  <testcase classname="testNg.Test1" name="settings">
    <skipped/>
  </testcase> <!-- settings -->
</testsuite> <!-- testNg.Test1 -->
