<?xml version="1.0" encoding="UTF-8"?>
<!-- Generated by org.testng.reporters.JUnitReportReporter -->
<testsuite hostname="QSP" failures="0" tests="1" name="testNg.Testcase3" time="28.004" errors="0" timestamp="2021-05-31T18:05:20 IST" skipped="0">
  <testcase classname="testNg.Testcase3" name="createApage" time="28.004"/>
</testsuite> <!-- testNg.Testcase3 -->
