<?xml version="1.0" encoding="UTF-8"?>
<!-- Generated by org.testng.reporters.JUnitReportReporter -->
<testsuite hostname="QSP" failures="0" tests="1" name="testNg.Testcase2" time="23.920" errors="0" timestamp="2021-05-31T17:59:11 IST" skipped="0">
  <testcase classname="testNg.Testcase2" name="forgotPassword" time="23.920"/>
</testsuite> <!-- testNg.Testcase2 -->
