<?xml version="1.0" encoding="UTF-8"?>
<!-- Generated by org.testng.reporters.JUnitReportReporter -->
<testsuite hostname="QSP" failures="0" tests="1" name="testNg.Test2" time="0.018" errors="0" timestamp="2021-05-31T17:37:18 IST" skipped="0">
  <testcase classname="testNg.Test2" name="test1" time="0.018"/>
</testsuite> <!-- testNg.Test2 -->
